2021-May-10 11:30:29 AM [main] INFO  com.weekone.WeekoneApplicationTests -
				Starting WeekoneApplicationTests using Java 1.8.0_282 on S0710L with PID 7415 (started by nagendra in /home/nagendra/TSN-workspace/weekone)
2021-May-10 11:30:29 AM [main] INFO  com.weekone.WeekoneApplicationTests -
				No active profile set, falling back to default profiles: default
2021-May-10 11:30:30 AM [main] INFO  o.s.d.r.c.RepositoryConfigurationDelegate -
				Bootstrapping Spring Data JPA repositories in DEFAULT mode.
2021-May-10 11:30:30 AM [main] INFO  o.s.d.r.c.RepositoryConfigurationDelegate -
				Finished Spring Data repository scanning in 106 ms. Found 1 JPA repository interfaces.
2021-May-10 11:30:31 AM [main] INFO  o.h.jpa.internal.util.LogHelper -
				HHH000204: Processing PersistenceUnitInfo [name: default]
2021-May-10 11:30:32 AM [main] INFO  org.hibernate.Version -
				HHH000412: Hibernate ORM core version 5.4.30.Final
2021-May-10 11:30:32 AM [main] INFO  o.h.annotations.common.Version -
				HCANN000001: Hibernate Commons Annotations {5.1.2.Final}
2021-May-10 11:30:32 AM [main] INFO  com.zaxxer.hikari.HikariDataSource -
				HikariPool-1 - Starting...
2021-May-10 11:30:39 AM [main] INFO  com.zaxxer.hikari.HikariDataSource -
				HikariPool-1 - Start completed.
2021-May-10 11:30:39 AM [main] INFO  org.hibernate.dialect.Dialect -
				HHH000400: Using dialect: org.hibernate.dialect.PostgreSQLDialect
2021-May-10 11:30:48 AM [main] INFO  o.h.e.t.j.p.i.JtaPlatformInitiator -
				HHH000490: Using JtaPlatform implementation: [org.hibernate.engine.transaction.jta.platform.internal.NoJtaPlatform]
2021-May-10 11:30:48 AM [main] INFO  o.s.o.j.LocalContainerEntityManagerFactoryBean -
				Initialized JPA EntityManagerFactory for persistence unit 'default'
2021-May-10 11:30:52 AM [main] WARN  o.s.b.a.o.j.JpaBaseConfiguration$JpaWebConfiguration -
				spring.jpa.open-in-view is enabled by default. Therefore, database queries may be performed during view rendering. Explicitly configure spring.jpa.open-in-view to disable this warning
2021-May-10 11:30:53 AM [main] INFO  o.s.s.c.ThreadPoolTaskExecutor -
				Initializing ExecutorService 'applicationTaskExecutor'
2021-May-10 11:30:54 AM [main] INFO  s.d.s.w.p.DocumentationPluginsBootstrapper -
				Context refreshed
2021-May-10 11:30:54 AM [main] INFO  s.d.s.w.p.DocumentationPluginsBootstrapper -
				Found 1 custom documentation plugin(s)
2021-May-10 11:30:54 AM [main] INFO  s.d.s.w.s.ApiListingReferenceScanner -
				Scanning for api listing references
2021-May-10 11:30:54 AM [main] INFO  com.weekone.WeekoneApplicationTests -
				Started WeekoneApplicationTests in 26.229 seconds (JVM running for 27.854)
2021-May-10 11:30:55 AM [SpringContextShutdownHook] INFO  o.s.s.c.ThreadPoolTaskExecutor -
				Shutting down ExecutorService 'applicationTaskExecutor'
2021-May-10 11:30:55 AM [SpringContextShutdownHook] INFO  o.s.o.j.LocalContainerEntityManagerFactoryBean -
				Closing JPA EntityManagerFactory for persistence unit 'default'
2021-May-10 11:30:55 AM [SpringContextShutdownHook] INFO  com.zaxxer.hikari.HikariDataSource -
				HikariPool-1 - Shutdown initiated...
2021-May-10 11:30:58 AM [SpringContextShutdownHook] INFO  com.zaxxer.hikari.HikariDataSource -
				HikariPool-1 - Shutdown completed.
